[2024-06-14T15:43:18.418+0000] {manager.py:470} INFO - Processing files using up to 1 processes at a time 
[2024-06-14T15:43:18.419+0000] {manager.py:471} INFO - Process each file at most once every 30 seconds
[2024-06-14T15:43:18.420+0000] {manager.py:472} INFO - Checking for new files in /opt/airflow/dags every 300 seconds
[2024-06-14T15:43:18.421+0000] {manager.py:737} INFO - Searching for files in /opt/airflow/dags
[2024-06-14T15:43:18.423+0000] {manager.py:740} INFO - There are 0 files in /opt/airflow/dags
[2024-06-14T15:48:18.730+0000] {manager.py:737} INFO - Searching for files in /opt/airflow/dags
[2024-06-14T15:48:18.805+0000] {manager.py:740} INFO - There are 0 files in /opt/airflow/dags
[2024-06-14T15:53:19.199+0000] {manager.py:737} INFO - Searching for files in /opt/airflow/dags
[2024-06-14T15:53:19.320+0000] {manager.py:740} INFO - There are 0 files in /opt/airflow/dags
[2024-06-14T15:58:19.619+0000] {manager.py:737} INFO - Searching for files in /opt/airflow/dags
[2024-06-14T15:58:19.714+0000] {manager.py:740} INFO - There are 1 files in /opt/airflow/dags
[2024-06-14T15:58:22.943+0000] {manager.py:878} INFO - 
================================================================================
DAG File Processing Stats

File Path                      PID    Runtime      # DAGs    # Errors  Last Runtime    Last Run
-----------------------------  -----  ---------  --------  ----------  --------------  -------------------
/opt/airflow/dags/main_dag.py                           1           0  0.41s           2024-06-14T15:58:20
================================================================================
[2024-06-14T15:58:53.092+0000] {manager.py:878} INFO - 
================================================================================
DAG File Processing Stats

File Path                      PID    Runtime      # DAGs    # Errors  Last Runtime    Last Run
-----------------------------  -----  ---------  --------  ----------  --------------  -------------------
/opt/airflow/dags/main_dag.py                           1           0  0.20s           2024-06-14T15:58:50
================================================================================
[2024-06-14T15:59:23.267+0000] {manager.py:878} INFO - 
================================================================================
DAG File Processing Stats

File Path                      PID    Runtime      # DAGs    # Errors  Last Runtime    Last Run
-----------------------------  -----  ---------  --------  ----------  --------------  -------------------
/opt/airflow/dags/main_dag.py                           1           0  0.20s           2024-06-14T15:59:21
================================================================================
[2024-06-14T15:59:53.418+0000] {manager.py:878} INFO - 
================================================================================
DAG File Processing Stats

File Path                      PID    Runtime      # DAGs    # Errors  Last Runtime    Last Run
-----------------------------  -----  ---------  --------  ----------  --------------  -------------------
/opt/airflow/dags/main_dag.py                           1           0  0.20s           2024-06-14T15:59:52
================================================================================
[2024-06-14T16:00:23.570+0000] {manager.py:878} INFO - 
================================================================================
DAG File Processing Stats

File Path                      PID    Runtime      # DAGs    # Errors  Last Runtime    Last Run
-----------------------------  -----  ---------  --------  ----------  --------------  -------------------
/opt/airflow/dags/main_dag.py                           1           0  0.20s           2024-06-14T16:00:22
================================================================================
[2024-06-14T16:00:53.644+0000] {manager.py:878} INFO - 
================================================================================
DAG File Processing Stats

File Path                      PID    Runtime      # DAGs    # Errors  Last Runtime    Last Run
-----------------------------  -----  ---------  --------  ----------  --------------  -------------------
/opt/airflow/dags/main_dag.py                           1           0  0.31s           2024-06-14T16:00:53
================================================================================
[2024-06-14T16:01:23.863+0000] {manager.py:878} INFO - 
================================================================================
DAG File Processing Stats

File Path                      PID    Runtime      # DAGs    # Errors  Last Runtime    Last Run
-----------------------------  -----  ---------  --------  ----------  --------------  -------------------
/opt/airflow/dags/main_dag.py                           1           0  0.22s           2024-06-14T16:01:23
================================================================================
[2024-06-14T16:01:54.221+0000] {manager.py:878} INFO - 
================================================================================
DAG File Processing Stats

File Path                      PID    Runtime      # DAGs    # Errors  Last Runtime    Last Run
-----------------------------  -----  ---------  --------  ----------  --------------  -------------------
/opt/airflow/dags/main_dag.py                           1           0  0.20s           2024-06-14T16:01:54
================================================================================
[2024-06-14T16:02:24.591+0000] {manager.py:878} INFO - 
================================================================================
DAG File Processing Stats

File Path                      PID    Runtime      # DAGs    # Errors  Last Runtime    Last Run
-----------------------------  -----  ---------  --------  ----------  --------------  -------------------
/opt/airflow/dags/main_dag.py                           1           0  0.20s           2024-06-14T16:02:24
================================================================================
[2024-06-14T16:02:54.957+0000] {manager.py:878} INFO - 
================================================================================
DAG File Processing Stats

File Path                      PID    Runtime      # DAGs    # Errors  Last Runtime    Last Run
-----------------------------  -----  ---------  --------  ----------  --------------  -------------------
/opt/airflow/dags/main_dag.py                           1           0  0.20s           2024-06-14T16:02:54
================================================================================
[2024-06-14T16:03:20.135+0000] {manager.py:737} INFO - Searching for files in /opt/airflow/dags
[2024-06-14T16:03:20.230+0000] {manager.py:740} INFO - There are 1 files in /opt/airflow/dags
[2024-06-14T16:03:25.334+0000] {manager.py:878} INFO - 
================================================================================
DAG File Processing Stats

File Path                      PID    Runtime      # DAGs    # Errors  Last Runtime    Last Run
-----------------------------  -----  ---------  --------  ----------  --------------  -------------------
/opt/airflow/dags/main_dag.py                           1           0  0.20s           2024-06-14T16:03:25
================================================================================
[2024-06-14T16:03:55.485+0000] {manager.py:878} INFO - 
================================================================================
DAG File Processing Stats

File Path                      PID    Runtime      # DAGs    # Errors  Last Runtime    Last Run
-----------------------------  -----  ---------  --------  ----------  --------------  -------------------
/opt/airflow/dags/main_dag.py                           0           1  0.20s           2024-06-14T16:03:53
================================================================================
[2024-06-14T16:04:25.629+0000] {manager.py:878} INFO - 
================================================================================
DAG File Processing Stats

File Path                      PID    Runtime      # DAGs    # Errors  Last Runtime    Last Run
-----------------------------  -----  ---------  --------  ----------  --------------  -------------------
/opt/airflow/dags/main_dag.py                           0           1  0.10s           2024-06-14T16:04:23
================================================================================
[2024-06-14T16:04:55.785+0000] {manager.py:878} INFO - 
================================================================================
DAG File Processing Stats

File Path                      PID    Runtime      # DAGs    # Errors  Last Runtime    Last Run
-----------------------------  -----  ---------  --------  ----------  --------------  -------------------
/opt/airflow/dags/main_dag.py                           0           1  0.10s           2024-06-14T16:04:54
================================================================================
[2024-06-14T16:05:25.956+0000] {manager.py:878} INFO - 
================================================================================
DAG File Processing Stats

File Path                      PID    Runtime      # DAGs    # Errors  Last Runtime    Last Run
-----------------------------  -----  ---------  --------  ----------  --------------  -------------------
/opt/airflow/dags/main_dag.py                           0           1  0.11s           2024-06-14T16:05:13
================================================================================
[2024-06-14T16:05:56.156+0000] {manager.py:878} INFO - 
================================================================================
DAG File Processing Stats

File Path                      PID    Runtime      # DAGs    # Errors  Last Runtime    Last Run
-----------------------------  -----  ---------  --------  ----------  --------------  -------------------
/opt/airflow/dags/main_dag.py                           0           1  0.10s           2024-06-14T16:05:43
================================================================================
[2024-06-14T16:06:26.342+0000] {manager.py:878} INFO - 
================================================================================
DAG File Processing Stats

File Path                      PID    Runtime      # DAGs    # Errors  Last Runtime    Last Run
-----------------------------  -----  ---------  --------  ----------  --------------  -------------------
/opt/airflow/dags/main_dag.py                           0           1  0.12s           2024-06-14T16:06:13
================================================================================
[2024-06-14T16:06:56.523+0000] {manager.py:878} INFO - 
================================================================================
DAG File Processing Stats

File Path                      PID    Runtime      # DAGs    # Errors  Last Runtime    Last Run
-----------------------------  -----  ---------  --------  ----------  --------------  -------------------
/opt/airflow/dags/main_dag.py                           0           1  0.10s           2024-06-14T16:06:43
================================================================================
[2024-06-14T16:07:26.669+0000] {manager.py:878} INFO - 
================================================================================
DAG File Processing Stats

File Path                      PID    Runtime      # DAGs    # Errors  Last Runtime    Last Run
-----------------------------  -----  ---------  --------  ----------  --------------  -------------------
/opt/airflow/dags/main_dag.py                           0           1  0.10s           2024-06-14T16:07:13
================================================================================
[2024-06-14T16:07:56.869+0000] {manager.py:878} INFO - 
================================================================================
DAG File Processing Stats

File Path                      PID    Runtime      # DAGs    # Errors  Last Runtime    Last Run
-----------------------------  -----  ---------  --------  ----------  --------------  -------------------
/opt/airflow/dags/main_dag.py                           0           1  0.10s           2024-06-14T16:07:44
================================================================================
[2024-06-14T16:08:20.999+0000] {manager.py:737} INFO - Searching for files in /opt/airflow/dags
[2024-06-14T16:08:21.103+0000] {manager.py:740} INFO - There are 1 files in /opt/airflow/dags
[2024-06-14T16:08:27.041+0000] {manager.py:878} INFO - 
================================================================================
DAG File Processing Stats

File Path                      PID    Runtime      # DAGs    # Errors  Last Runtime    Last Run
-----------------------------  -----  ---------  --------  ----------  --------------  -------------------
/opt/airflow/dags/main_dag.py                           0           1  0.10s           2024-06-14T16:08:14
================================================================================
[2024-06-14T16:08:57.198+0000] {manager.py:878} INFO - 
================================================================================
DAG File Processing Stats

File Path                      PID    Runtime      # DAGs    # Errors  Last Runtime    Last Run
-----------------------------  -----  ---------  --------  ----------  --------------  -------------------
/opt/airflow/dags/main_dag.py                           0           1  0.10s           2024-06-14T16:08:45
================================================================================
[2024-06-14T16:09:27.235+0000] {manager.py:878} INFO - 
================================================================================
DAG File Processing Stats

File Path                      PID    Runtime      # DAGs    # Errors  Last Runtime    Last Run
-----------------------------  -----  ---------  --------  ----------  --------------  -------------------
/opt/airflow/dags/main_dag.py                           0           1  0.11s           2024-06-14T16:09:16
================================================================================
[2024-06-14T16:09:57.522+0000] {manager.py:878} INFO - 
================================================================================
DAG File Processing Stats

File Path                      PID    Runtime      # DAGs    # Errors  Last Runtime    Last Run
-----------------------------  -----  ---------  --------  ----------  --------------  -------------------
/opt/airflow/dags/main_dag.py                           0           1  0.10s           2024-06-14T16:09:46
================================================================================
[2024-06-14T16:10:27.529+0000] {manager.py:878} INFO - 
================================================================================
DAG File Processing Stats

File Path                      PID    Runtime      # DAGs    # Errors  Last Runtime    Last Run
-----------------------------  -----  ---------  --------  ----------  --------------  -------------------
/opt/airflow/dags/main_dag.py                           0           1  0.10s           2024-06-14T16:10:17
================================================================================
[2024-06-14T16:10:57.868+0000] {manager.py:878} INFO - 
================================================================================
DAG File Processing Stats

File Path                      PID    Runtime      # DAGs    # Errors  Last Runtime    Last Run
-----------------------------  -----  ---------  --------  ----------  --------------  -------------------
/opt/airflow/dags/main_dag.py                           0           1  0.10s           2024-06-14T16:10:48
================================================================================
[2024-06-14T16:11:28.037+0000] {manager.py:878} INFO - 
================================================================================
DAG File Processing Stats

File Path                      PID    Runtime      # DAGs    # Errors  Last Runtime    Last Run
-----------------------------  -----  ---------  --------  ----------  --------------  -------------------
/opt/airflow/dags/main_dag.py                           0           1  0.10s           2024-06-14T16:11:18
================================================================================
[2024-06-14T16:11:58.207+0000] {manager.py:878} INFO - 
================================================================================
DAG File Processing Stats

File Path                      PID    Runtime      # DAGs    # Errors  Last Runtime    Last Run
-----------------------------  -----  ---------  --------  ----------  --------------  -------------------
/opt/airflow/dags/main_dag.py                           0           1  0.10s           2024-06-14T16:11:49
================================================================================
[2024-06-14T16:12:28.366+0000] {manager.py:878} INFO - 
================================================================================
DAG File Processing Stats

File Path                      PID    Runtime      # DAGs    # Errors  Last Runtime    Last Run
-----------------------------  -----  ---------  --------  ----------  --------------  -------------------
/opt/airflow/dags/main_dag.py                           0           1  0.10s           2024-06-14T16:12:19
================================================================================
[2024-06-14T16:12:58.502+0000] {manager.py:878} INFO - 
================================================================================
DAG File Processing Stats

File Path                      PID    Runtime      # DAGs    # Errors  Last Runtime    Last Run
-----------------------------  -----  ---------  --------  ----------  --------------  -------------------
/opt/airflow/dags/main_dag.py                           0           1  0.10s           2024-06-14T16:12:50
================================================================================
[2024-06-14T16:13:21.539+0000] {manager.py:737} INFO - Searching for files in /opt/airflow/dags
[2024-06-14T16:13:21.636+0000] {manager.py:740} INFO - There are 1 files in /opt/airflow/dags
[2024-06-14T16:13:28.707+0000] {manager.py:878} INFO - 
================================================================================
DAG File Processing Stats

File Path                      PID    Runtime      # DAGs    # Errors  Last Runtime    Last Run
-----------------------------  -----  ---------  --------  ----------  --------------  -------------------
/opt/airflow/dags/main_dag.py                           0           1  0.10s           2024-06-14T16:13:21
================================================================================
[2024-06-14T16:13:58.861+0000] {manager.py:878} INFO - 
================================================================================
DAG File Processing Stats

File Path                      PID    Runtime      # DAGs    # Errors  Last Runtime    Last Run
-----------------------------  -----  ---------  --------  ----------  --------------  -------------------
/opt/airflow/dags/main_dag.py                           0           1  0.10s           2024-06-14T16:13:52
================================================================================
[2024-06-14T16:14:29.026+0000] {manager.py:878} INFO - 
================================================================================
DAG File Processing Stats

File Path                      PID    Runtime      # DAGs    # Errors  Last Runtime    Last Run
-----------------------------  -----  ---------  --------  ----------  --------------  -------------------
/opt/airflow/dags/main_dag.py                           0           1  0.10s           2024-06-14T16:14:22
================================================================================
[2024-06-14T16:14:59.065+0000] {manager.py:878} INFO - 
================================================================================
DAG File Processing Stats

File Path                      PID    Runtime      # DAGs    # Errors  Last Runtime    Last Run
-----------------------------  -----  ---------  --------  ----------  --------------  -------------------
/opt/airflow/dags/main_dag.py                           0           1  0.10s           2024-06-14T16:14:53
================================================================================
