[2024-06-15T23:41:06.081+0000] {taskinstance.py:1157} INFO - Dependencies all met for dep_context=non-requeueable deps ti=<TaskInstance: main_dag.index_to_elastic scheduled__2024-06-14T03:15:00+00:00 [queued]>
[2024-06-15T23:41:06.089+0000] {taskinstance.py:1157} INFO - Dependencies all met for dep_context=requeueable deps ti=<TaskInstance: main_dag.index_to_elastic scheduled__2024-06-14T03:15:00+00:00 [queued]>
[2024-06-15T23:41:06.090+0000] {taskinstance.py:1359} INFO - Starting attempt 1 of 2
[2024-06-15T23:41:06.101+0000] {taskinstance.py:1380} INFO - Executing <Task(PythonOperator): index_to_elastic> on 2024-06-14 03:15:00+00:00
[2024-06-15T23:41:06.107+0000] {standard_task_runner.py:57} INFO - Started process 800 to run task
[2024-06-15T23:41:06.110+0000] {standard_task_runner.py:84} INFO - Running: ['***', 'tasks', 'run', 'main_dag', 'index_to_elastic', 'scheduled__2024-06-14T03:15:00+00:00', '--job-id', '116', '--raw', '--subdir', 'DAGS_FOLDER/main_dag.py', '--cfg-path', '/tmp/tmpoe3sxijj']
[2024-06-15T23:41:06.112+0000] {standard_task_runner.py:85} INFO - Job 116: Subtask index_to_elastic
[2024-06-15T23:41:06.152+0000] {task_command.py:415} INFO - Running <TaskInstance: main_dag.index_to_elastic scheduled__2024-06-14T03:15:00+00:00 [running]> on host 671934266c7c
[2024-06-15T23:41:06.232+0000] {taskinstance.py:1660} INFO - Exporting env vars: AIRFLOW_CTX_DAG_EMAIL='ivanmilos24@gmail.com' AIRFLOW_CTX_DAG_OWNER='***' AIRFLOW_CTX_DAG_ID='main_dag' AIRFLOW_CTX_TASK_ID='index_to_elastic' AIRFLOW_CTX_EXECUTION_DATE='2024-06-14T03:15:00+00:00' AIRFLOW_CTX_TRY_NUMBER='1' AIRFLOW_CTX_DAG_RUN_ID='scheduled__2024-06-14T03:15:00+00:00'
[2024-06-15T23:41:06.233+0000] {logging_mixin.py:151} INFO - Checking file: datalake/usage/animeAnalysis/AnimeTop300/20240615/combined_ratings.snappy.parquet
[2024-06-15T23:41:06.236+0000] {logging_mixin.py:151} INFO - File exists: True
[2024-06-15T23:41:06.239+0000] {logging_mixin.py:151} INFO - File readable: True
[2024-06-15T23:41:07.315+0000] {_transport.py:336} INFO - PUT https://my-first-deployment-3ab24b.es.us-central1.gcp.cloud.es.io:443/_bulk [status:200 duration:0.991s]
[2024-06-15T23:41:07.434+0000] {_transport.py:336} INFO - PUT https://my-first-deployment-3ab24b.es.us-central1.gcp.cloud.es.io:443/_bulk [status:200 duration:0.115s]
[2024-06-15T23:41:07.434+0000] {logging_mixin.py:151} INFO - Documents successfully indexed: 520
[2024-06-15T23:41:07.435+0000] {logging_mixin.py:151} INFO - Documents failed to index: 0
[2024-06-15T23:41:07.436+0000] {python.py:194} INFO - Done. Returned value was: None
[2024-06-15T23:41:07.445+0000] {taskinstance.py:1398} INFO - Marking task as SUCCESS. dag_id=main_dag, task_id=index_to_elastic, execution_date=20240614T031500, start_date=20240615T234106, end_date=20240615T234107
[2024-06-15T23:41:07.487+0000] {local_task_job_runner.py:228} INFO - Task exited with return code 0
[2024-06-15T23:41:07.501+0000] {taskinstance.py:2776} INFO - 0 downstream tasks scheduled from follow-on schedule check
