[2024-06-14T15:58:19.783+0000] {processor.py:161} INFO - Started process (PID=103) to work on /opt/airflow/dags/main_dag.py
[2024-06-14T15:58:19.784+0000] {processor.py:830} INFO - Processing file /opt/airflow/dags/main_dag.py for tasks to queue
[2024-06-14T15:58:19.786+0000] {logging_mixin.py:188} INFO - [2024-06-14T15:58:19.786+0000] {dagbag.py:540} INFO - Filling up the DagBag from /opt/airflow/dags/main_dag.py
[2024-06-14T15:58:19.827+0000] {processor.py:840} INFO - DAG(s) 'main_dag' retrieved from /opt/airflow/dags/main_dag.py
[2024-06-14T15:58:19.972+0000] {logging_mixin.py:188} INFO - [2024-06-14T15:58:19.971+0000] {override.py:1829} INFO - Created Permission View: can read on DAG:main_dag
[2024-06-14T15:58:20.004+0000] {logging_mixin.py:188} INFO - [2024-06-14T15:58:20.003+0000] {override.py:1829} INFO - Created Permission View: can delete on DAG:main_dag
[2024-06-14T15:58:20.029+0000] {logging_mixin.py:188} INFO - [2024-06-14T15:58:20.028+0000] {override.py:1829} INFO - Created Permission View: can edit on DAG:main_dag
[2024-06-14T15:58:20.029+0000] {logging_mixin.py:188} INFO - [2024-06-14T15:58:20.029+0000] {dag.py:3096} INFO - Sync 1 DAGs
[2024-06-14T15:58:20.048+0000] {logging_mixin.py:188} INFO - [2024-06-14T15:58:20.047+0000] {dag.py:3118} INFO - Creating ORM DAG for main_dag
[2024-06-14T15:58:20.065+0000] {logging_mixin.py:188} INFO - [2024-06-14T15:58:20.065+0000] {dag.py:3954} INFO - Setting next_dagrun for main_dag to 2024-06-13 23:00:00+00:00, run_after=2024-06-14 23:00:00+00:00
[2024-06-14T15:58:20.118+0000] {processor.py:183} INFO - Processing /opt/airflow/dags/main_dag.py took 0.338 seconds
[2024-06-14T15:58:50.288+0000] {processor.py:161} INFO - Started process (PID=104) to work on /opt/airflow/dags/main_dag.py
[2024-06-14T15:58:50.289+0000] {processor.py:830} INFO - Processing file /opt/airflow/dags/main_dag.py for tasks to queue
[2024-06-14T15:58:50.290+0000] {logging_mixin.py:188} INFO - [2024-06-14T15:58:50.290+0000] {dagbag.py:540} INFO - Filling up the DagBag from /opt/airflow/dags/main_dag.py
[2024-06-14T15:58:50.312+0000] {processor.py:840} INFO - DAG(s) 'main_dag' retrieved from /opt/airflow/dags/main_dag.py
[2024-06-14T15:58:50.334+0000] {logging_mixin.py:188} INFO - [2024-06-14T15:58:50.333+0000] {dag.py:3096} INFO - Sync 1 DAGs
[2024-06-14T15:58:50.353+0000] {logging_mixin.py:188} INFO - [2024-06-14T15:58:50.353+0000] {dag.py:3954} INFO - Setting next_dagrun for main_dag to 2024-06-13 23:00:00+00:00, run_after=2024-06-14 23:00:00+00:00
[2024-06-14T15:58:50.398+0000] {processor.py:183} INFO - Processing /opt/airflow/dags/main_dag.py took 0.113 seconds
[2024-06-14T15:59:21.345+0000] {processor.py:161} INFO - Started process (PID=105) to work on /opt/airflow/dags/main_dag.py
[2024-06-14T15:59:21.346+0000] {processor.py:830} INFO - Processing file /opt/airflow/dags/main_dag.py for tasks to queue
[2024-06-14T15:59:21.347+0000] {logging_mixin.py:188} INFO - [2024-06-14T15:59:21.347+0000] {dagbag.py:540} INFO - Filling up the DagBag from /opt/airflow/dags/main_dag.py
[2024-06-14T15:59:21.368+0000] {processor.py:840} INFO - DAG(s) 'main_dag' retrieved from /opt/airflow/dags/main_dag.py
[2024-06-14T15:59:21.391+0000] {logging_mixin.py:188} INFO - [2024-06-14T15:59:21.391+0000] {dag.py:3096} INFO - Sync 1 DAGs
[2024-06-14T15:59:21.420+0000] {logging_mixin.py:188} INFO - [2024-06-14T15:59:21.420+0000] {dag.py:3954} INFO - Setting next_dagrun for main_dag to 2024-06-13 23:00:00+00:00, run_after=2024-06-14 23:00:00+00:00
[2024-06-14T15:59:21.496+0000] {processor.py:183} INFO - Processing /opt/airflow/dags/main_dag.py took 0.154 seconds
[2024-06-14T15:59:52.257+0000] {processor.py:161} INFO - Started process (PID=106) to work on /opt/airflow/dags/main_dag.py
[2024-06-14T15:59:52.258+0000] {processor.py:830} INFO - Processing file /opt/airflow/dags/main_dag.py for tasks to queue
[2024-06-14T15:59:52.259+0000] {logging_mixin.py:188} INFO - [2024-06-14T15:59:52.259+0000] {dagbag.py:540} INFO - Filling up the DagBag from /opt/airflow/dags/main_dag.py
[2024-06-14T15:59:52.279+0000] {processor.py:840} INFO - DAG(s) 'main_dag' retrieved from /opt/airflow/dags/main_dag.py
[2024-06-14T15:59:52.302+0000] {logging_mixin.py:188} INFO - [2024-06-14T15:59:52.302+0000] {dag.py:3096} INFO - Sync 1 DAGs
[2024-06-14T15:59:52.330+0000] {logging_mixin.py:188} INFO - [2024-06-14T15:59:52.330+0000] {dag.py:3954} INFO - Setting next_dagrun for main_dag to 2024-06-13 23:00:00+00:00, run_after=2024-06-14 23:00:00+00:00
[2024-06-14T15:59:52.384+0000] {processor.py:183} INFO - Processing /opt/airflow/dags/main_dag.py took 0.131 seconds
[2024-06-14T16:00:22.504+0000] {processor.py:161} INFO - Started process (PID=107) to work on /opt/airflow/dags/main_dag.py
[2024-06-14T16:00:22.505+0000] {processor.py:830} INFO - Processing file /opt/airflow/dags/main_dag.py for tasks to queue
[2024-06-14T16:00:22.506+0000] {logging_mixin.py:188} INFO - [2024-06-14T16:00:22.506+0000] {dagbag.py:540} INFO - Filling up the DagBag from /opt/airflow/dags/main_dag.py
[2024-06-14T16:00:22.530+0000] {processor.py:840} INFO - DAG(s) 'main_dag' retrieved from /opt/airflow/dags/main_dag.py
[2024-06-14T16:00:22.558+0000] {logging_mixin.py:188} INFO - [2024-06-14T16:00:22.558+0000] {dag.py:3096} INFO - Sync 1 DAGs
[2024-06-14T16:00:22.583+0000] {logging_mixin.py:188} INFO - [2024-06-14T16:00:22.583+0000] {dag.py:3954} INFO - Setting next_dagrun for main_dag to 2024-06-13 23:00:00+00:00, run_after=2024-06-14 23:00:00+00:00
[2024-06-14T16:00:22.640+0000] {processor.py:183} INFO - Processing /opt/airflow/dags/main_dag.py took 0.140 seconds
[2024-06-14T16:00:52.891+0000] {processor.py:161} INFO - Started process (PID=108) to work on /opt/airflow/dags/main_dag.py
[2024-06-14T16:00:52.894+0000] {processor.py:830} INFO - Processing file /opt/airflow/dags/main_dag.py for tasks to queue
[2024-06-14T16:00:52.899+0000] {logging_mixin.py:188} INFO - [2024-06-14T16:00:52.898+0000] {dagbag.py:540} INFO - Filling up the DagBag from /opt/airflow/dags/main_dag.py
[2024-06-14T16:00:52.943+0000] {processor.py:840} INFO - DAG(s) 'main_dag' retrieved from /opt/airflow/dags/main_dag.py
[2024-06-14T16:00:52.994+0000] {logging_mixin.py:188} INFO - [2024-06-14T16:00:52.993+0000] {dag.py:3096} INFO - Sync 1 DAGs
[2024-06-14T16:00:53.034+0000] {logging_mixin.py:188} INFO - [2024-06-14T16:00:53.034+0000] {dag.py:3954} INFO - Setting next_dagrun for main_dag to 2024-06-13 23:00:00+00:00, run_after=2024-06-14 23:00:00+00:00
[2024-06-14T16:00:53.087+0000] {processor.py:183} INFO - Processing /opt/airflow/dags/main_dag.py took 0.212 seconds
[2024-06-14T16:01:23.675+0000] {processor.py:161} INFO - Started process (PID=109) to work on /opt/airflow/dags/main_dag.py
[2024-06-14T16:01:23.676+0000] {processor.py:830} INFO - Processing file /opt/airflow/dags/main_dag.py for tasks to queue
[2024-06-14T16:01:23.678+0000] {logging_mixin.py:188} INFO - [2024-06-14T16:01:23.678+0000] {dagbag.py:540} INFO - Filling up the DagBag from /opt/airflow/dags/main_dag.py
[2024-06-14T16:01:23.701+0000] {processor.py:840} INFO - DAG(s) 'main_dag' retrieved from /opt/airflow/dags/main_dag.py
[2024-06-14T16:01:23.726+0000] {logging_mixin.py:188} INFO - [2024-06-14T16:01:23.725+0000] {dag.py:3096} INFO - Sync 1 DAGs
[2024-06-14T16:01:23.748+0000] {logging_mixin.py:188} INFO - [2024-06-14T16:01:23.748+0000] {dag.py:3954} INFO - Setting next_dagrun for main_dag to 2024-06-13 23:00:00+00:00, run_after=2024-06-14 23:00:00+00:00
[2024-06-14T16:01:23.806+0000] {processor.py:183} INFO - Processing /opt/airflow/dags/main_dag.py took 0.135 seconds
[2024-06-14T16:01:54.033+0000] {processor.py:161} INFO - Started process (PID=110) to work on /opt/airflow/dags/main_dag.py
[2024-06-14T16:01:54.034+0000] {processor.py:830} INFO - Processing file /opt/airflow/dags/main_dag.py for tasks to queue
[2024-06-14T16:01:54.035+0000] {logging_mixin.py:188} INFO - [2024-06-14T16:01:54.035+0000] {dagbag.py:540} INFO - Filling up the DagBag from /opt/airflow/dags/main_dag.py
[2024-06-14T16:01:54.056+0000] {processor.py:840} INFO - DAG(s) 'main_dag' retrieved from /opt/airflow/dags/main_dag.py
[2024-06-14T16:01:54.079+0000] {logging_mixin.py:188} INFO - [2024-06-14T16:01:54.079+0000] {dag.py:3096} INFO - Sync 1 DAGs
[2024-06-14T16:01:54.100+0000] {logging_mixin.py:188} INFO - [2024-06-14T16:01:54.099+0000] {dag.py:3954} INFO - Setting next_dagrun for main_dag to 2024-06-13 23:00:00+00:00, run_after=2024-06-14 23:00:00+00:00
[2024-06-14T16:01:54.145+0000] {processor.py:183} INFO - Processing /opt/airflow/dags/main_dag.py took 0.116 seconds
[2024-06-14T16:02:24.404+0000] {processor.py:161} INFO - Started process (PID=111) to work on /opt/airflow/dags/main_dag.py
[2024-06-14T16:02:24.405+0000] {processor.py:830} INFO - Processing file /opt/airflow/dags/main_dag.py for tasks to queue
[2024-06-14T16:02:24.407+0000] {logging_mixin.py:188} INFO - [2024-06-14T16:02:24.407+0000] {dagbag.py:540} INFO - Filling up the DagBag from /opt/airflow/dags/main_dag.py
[2024-06-14T16:02:24.433+0000] {processor.py:840} INFO - DAG(s) 'main_dag' retrieved from /opt/airflow/dags/main_dag.py
[2024-06-14T16:02:24.461+0000] {logging_mixin.py:188} INFO - [2024-06-14T16:02:24.461+0000] {dag.py:3096} INFO - Sync 1 DAGs
[2024-06-14T16:02:24.483+0000] {logging_mixin.py:188} INFO - [2024-06-14T16:02:24.483+0000] {dag.py:3954} INFO - Setting next_dagrun for main_dag to 2024-06-13 23:00:00+00:00, run_after=2024-06-14 23:00:00+00:00
[2024-06-14T16:02:24.536+0000] {processor.py:183} INFO - Processing /opt/airflow/dags/main_dag.py took 0.137 seconds
[2024-06-14T16:02:54.769+0000] {processor.py:161} INFO - Started process (PID=112) to work on /opt/airflow/dags/main_dag.py
[2024-06-14T16:02:54.770+0000] {processor.py:830} INFO - Processing file /opt/airflow/dags/main_dag.py for tasks to queue
[2024-06-14T16:02:54.772+0000] {logging_mixin.py:188} INFO - [2024-06-14T16:02:54.771+0000] {dagbag.py:540} INFO - Filling up the DagBag from /opt/airflow/dags/main_dag.py
[2024-06-14T16:02:54.794+0000] {processor.py:840} INFO - DAG(s) 'main_dag' retrieved from /opt/airflow/dags/main_dag.py
[2024-06-14T16:02:54.818+0000] {logging_mixin.py:188} INFO - [2024-06-14T16:02:54.818+0000] {dag.py:3096} INFO - Sync 1 DAGs
[2024-06-14T16:02:54.840+0000] {logging_mixin.py:188} INFO - [2024-06-14T16:02:54.840+0000] {dag.py:3954} INFO - Setting next_dagrun for main_dag to 2024-06-13 23:00:00+00:00, run_after=2024-06-14 23:00:00+00:00
[2024-06-14T16:02:54.891+0000] {processor.py:183} INFO - Processing /opt/airflow/dags/main_dag.py took 0.126 seconds
[2024-06-14T16:03:25.146+0000] {processor.py:161} INFO - Started process (PID=113) to work on /opt/airflow/dags/main_dag.py
[2024-06-14T16:03:25.147+0000] {processor.py:830} INFO - Processing file /opt/airflow/dags/main_dag.py for tasks to queue
[2024-06-14T16:03:25.149+0000] {logging_mixin.py:188} INFO - [2024-06-14T16:03:25.148+0000] {dagbag.py:540} INFO - Filling up the DagBag from /opt/airflow/dags/main_dag.py
[2024-06-14T16:03:25.173+0000] {processor.py:840} INFO - DAG(s) 'main_dag' retrieved from /opt/airflow/dags/main_dag.py
[2024-06-14T16:03:25.197+0000] {logging_mixin.py:188} INFO - [2024-06-14T16:03:25.196+0000] {dag.py:3096} INFO - Sync 1 DAGs
[2024-06-14T16:03:25.218+0000] {logging_mixin.py:188} INFO - [2024-06-14T16:03:25.218+0000] {dag.py:3954} INFO - Setting next_dagrun for main_dag to 2024-06-13 23:00:00+00:00, run_after=2024-06-14 23:00:00+00:00
[2024-06-14T16:03:25.269+0000] {processor.py:183} INFO - Processing /opt/airflow/dags/main_dag.py took 0.126 seconds
[2024-06-14T16:03:53.262+0000] {processor.py:161} INFO - Started process (PID=114) to work on /opt/airflow/dags/main_dag.py
[2024-06-14T16:03:53.263+0000] {processor.py:830} INFO - Processing file /opt/airflow/dags/main_dag.py for tasks to queue
[2024-06-14T16:03:53.266+0000] {logging_mixin.py:188} INFO - [2024-06-14T16:03:53.266+0000] {dagbag.py:540} INFO - Filling up the DagBag from /opt/airflow/dags/main_dag.py
[2024-06-14T16:03:53.310+0000] {logging_mixin.py:188} INFO - [2024-06-14T16:03:53.305+0000] {dagbag.py:350} ERROR - Failed to import: /opt/airflow/dags/main_dag.py
Traceback (most recent call last):
  File "/home/airflow/.local/lib/python3.12/site-packages/airflow/models/dagbag.py", line 346, in parse
    loader.exec_module(new_module)
  File "<frozen importlib._bootstrap_external>", line 995, in exec_module
  File "<frozen importlib._bootstrap>", line 488, in _call_with_frames_removed
  File "/opt/airflow/dags/main_dag.py", line 9, in <module>
    import lib.data_fetcher.fetch_ANI_anime_data
ModuleNotFoundError: No module named 'lib'
[2024-06-14T16:03:53.312+0000] {processor.py:842} WARNING - No viable dags retrieved from /opt/airflow/dags/main_dag.py
[2024-06-14T16:03:53.353+0000] {processor.py:183} INFO - Processing /opt/airflow/dags/main_dag.py took 0.098 seconds
[2024-06-14T16:04:23.836+0000] {processor.py:161} INFO - Started process (PID=115) to work on /opt/airflow/dags/main_dag.py
[2024-06-14T16:04:23.837+0000] {processor.py:830} INFO - Processing file /opt/airflow/dags/main_dag.py for tasks to queue
[2024-06-14T16:04:23.839+0000] {logging_mixin.py:188} INFO - [2024-06-14T16:04:23.838+0000] {dagbag.py:540} INFO - Filling up the DagBag from /opt/airflow/dags/main_dag.py
[2024-06-14T16:04:23.861+0000] {logging_mixin.py:188} INFO - [2024-06-14T16:04:23.857+0000] {dagbag.py:350} ERROR - Failed to import: /opt/airflow/dags/main_dag.py
Traceback (most recent call last):
  File "/home/airflow/.local/lib/python3.12/site-packages/airflow/models/dagbag.py", line 346, in parse
    loader.exec_module(new_module)
  File "<frozen importlib._bootstrap_external>", line 995, in exec_module
  File "<frozen importlib._bootstrap>", line 488, in _call_with_frames_removed
  File "/opt/airflow/dags/main_dag.py", line 9, in <module>
    import lib.data_fetcher.fetch_ANI_anime_data
ModuleNotFoundError: No module named 'lib'
[2024-06-14T16:04:23.863+0000] {processor.py:842} WARNING - No viable dags retrieved from /opt/airflow/dags/main_dag.py
[2024-06-14T16:04:23.892+0000] {processor.py:183} INFO - Processing /opt/airflow/dags/main_dag.py took 0.061 seconds
[2024-06-14T16:04:54.409+0000] {processor.py:161} INFO - Started process (PID=116) to work on /opt/airflow/dags/main_dag.py
[2024-06-14T16:04:54.409+0000] {processor.py:830} INFO - Processing file /opt/airflow/dags/main_dag.py for tasks to queue
[2024-06-14T16:04:54.410+0000] {logging_mixin.py:188} INFO - [2024-06-14T16:04:54.410+0000] {dagbag.py:540} INFO - Filling up the DagBag from /opt/airflow/dags/main_dag.py
[2024-06-14T16:04:54.430+0000] {logging_mixin.py:188} INFO - [2024-06-14T16:04:54.426+0000] {dagbag.py:350} ERROR - Failed to import: /opt/airflow/dags/main_dag.py
Traceback (most recent call last):
  File "/home/airflow/.local/lib/python3.12/site-packages/airflow/models/dagbag.py", line 346, in parse
    loader.exec_module(new_module)
  File "<frozen importlib._bootstrap_external>", line 995, in exec_module
  File "<frozen importlib._bootstrap>", line 488, in _call_with_frames_removed
  File "/opt/airflow/dags/main_dag.py", line 9, in <module>
    import lib.data_fetcher.fetch_ANI_anime_data
ModuleNotFoundError: No module named 'lib'
[2024-06-14T16:04:54.431+0000] {processor.py:842} WARNING - No viable dags retrieved from /opt/airflow/dags/main_dag.py
[2024-06-14T16:04:54.460+0000] {processor.py:183} INFO - Processing /opt/airflow/dags/main_dag.py took 0.055 seconds
[2024-06-14T16:04:58.309+0000] {processor.py:161} INFO - Started process (PID=117) to work on /opt/airflow/dags/main_dag.py
[2024-06-14T16:04:58.310+0000] {processor.py:830} INFO - Processing file /opt/airflow/dags/main_dag.py for tasks to queue
[2024-06-14T16:04:58.311+0000] {logging_mixin.py:188} INFO - [2024-06-14T16:04:58.311+0000] {dagbag.py:540} INFO - Filling up the DagBag from /opt/airflow/dags/main_dag.py
[2024-06-14T16:04:58.339+0000] {logging_mixin.py:188} INFO - [2024-06-14T16:04:58.335+0000] {dagbag.py:350} ERROR - Failed to import: /opt/airflow/dags/main_dag.py
Traceback (most recent call last):
  File "/home/airflow/.local/lib/python3.12/site-packages/airflow/models/dagbag.py", line 346, in parse
    loader.exec_module(new_module)
  File "<frozen importlib._bootstrap_external>", line 995, in exec_module
  File "<frozen importlib._bootstrap>", line 488, in _call_with_frames_removed
  File "/opt/airflow/dags/main_dag.py", line 9, in <module>
    import lib.data_fetcher.fetch_ANI_anime_data
ModuleNotFoundError: No module named 'lib'
[2024-06-14T16:04:58.341+0000] {processor.py:842} WARNING - No viable dags retrieved from /opt/airflow/dags/main_dag.py
[2024-06-14T16:04:58.367+0000] {processor.py:183} INFO - Processing /opt/airflow/dags/main_dag.py took 0.062 seconds
[2024-06-14T16:05:13.063+0000] {processor.py:161} INFO - Started process (PID=118) to work on /opt/airflow/dags/main_dag.py
[2024-06-14T16:05:13.064+0000] {processor.py:830} INFO - Processing file /opt/airflow/dags/main_dag.py for tasks to queue
[2024-06-14T16:05:13.065+0000] {logging_mixin.py:188} INFO - [2024-06-14T16:05:13.065+0000] {dagbag.py:540} INFO - Filling up the DagBag from /opt/airflow/dags/main_dag.py
[2024-06-14T16:05:13.107+0000] {logging_mixin.py:188} INFO - [2024-06-14T16:05:13.101+0000] {dagbag.py:350} ERROR - Failed to import: /opt/airflow/dags/main_dag.py
Traceback (most recent call last):
  File "/home/airflow/.local/lib/python3.12/site-packages/airflow/models/dagbag.py", line 346, in parse
    loader.exec_module(new_module)
  File "<frozen importlib._bootstrap_external>", line 995, in exec_module
  File "<frozen importlib._bootstrap>", line 488, in _call_with_frames_removed
  File "/opt/airflow/dags/main_dag.py", line 7, in <module>
    import lib.data_fetcher.fetch_ANI_anime_data
ModuleNotFoundError: No module named 'lib'
[2024-06-14T16:05:13.109+0000] {processor.py:842} WARNING - No viable dags retrieved from /opt/airflow/dags/main_dag.py
[2024-06-14T16:05:13.147+0000] {processor.py:183} INFO - Processing /opt/airflow/dags/main_dag.py took 0.089 seconds
[2024-06-14T16:05:43.262+0000] {processor.py:161} INFO - Started process (PID=119) to work on /opt/airflow/dags/main_dag.py
[2024-06-14T16:05:43.263+0000] {processor.py:830} INFO - Processing file /opt/airflow/dags/main_dag.py for tasks to queue
[2024-06-14T16:05:43.264+0000] {logging_mixin.py:188} INFO - [2024-06-14T16:05:43.264+0000] {dagbag.py:540} INFO - Filling up the DagBag from /opt/airflow/dags/main_dag.py
[2024-06-14T16:05:43.291+0000] {logging_mixin.py:188} INFO - [2024-06-14T16:05:43.286+0000] {dagbag.py:350} ERROR - Failed to import: /opt/airflow/dags/main_dag.py
Traceback (most recent call last):
  File "/home/airflow/.local/lib/python3.12/site-packages/airflow/models/dagbag.py", line 346, in parse
    loader.exec_module(new_module)
  File "<frozen importlib._bootstrap_external>", line 995, in exec_module
  File "<frozen importlib._bootstrap>", line 488, in _call_with_frames_removed
  File "/opt/airflow/dags/main_dag.py", line 7, in <module>
    import lib.data_fetcher.fetch_ANI_anime_data
ModuleNotFoundError: No module named 'lib'
[2024-06-14T16:05:43.293+0000] {processor.py:842} WARNING - No viable dags retrieved from /opt/airflow/dags/main_dag.py
[2024-06-14T16:05:43.330+0000] {processor.py:183} INFO - Processing /opt/airflow/dags/main_dag.py took 0.072 seconds
[2024-06-14T16:06:13.450+0000] {processor.py:161} INFO - Started process (PID=120) to work on /opt/airflow/dags/main_dag.py
[2024-06-14T16:06:13.450+0000] {processor.py:830} INFO - Processing file /opt/airflow/dags/main_dag.py for tasks to queue
[2024-06-14T16:06:13.451+0000] {logging_mixin.py:188} INFO - [2024-06-14T16:06:13.451+0000] {dagbag.py:540} INFO - Filling up the DagBag from /opt/airflow/dags/main_dag.py
[2024-06-14T16:06:13.473+0000] {logging_mixin.py:188} INFO - [2024-06-14T16:06:13.469+0000] {dagbag.py:350} ERROR - Failed to import: /opt/airflow/dags/main_dag.py
Traceback (most recent call last):
  File "/home/airflow/.local/lib/python3.12/site-packages/airflow/models/dagbag.py", line 346, in parse
    loader.exec_module(new_module)
  File "<frozen importlib._bootstrap_external>", line 995, in exec_module
  File "<frozen importlib._bootstrap>", line 488, in _call_with_frames_removed
  File "/opt/airflow/dags/main_dag.py", line 7, in <module>
    import lib.data_fetcher.fetch_ANI_anime_data
ModuleNotFoundError: No module named 'lib'
[2024-06-14T16:06:13.475+0000] {processor.py:842} WARNING - No viable dags retrieved from /opt/airflow/dags/main_dag.py
[2024-06-14T16:06:13.505+0000] {processor.py:183} INFO - Processing /opt/airflow/dags/main_dag.py took 0.060 seconds
[2024-06-14T16:06:43.612+0000] {processor.py:161} INFO - Started process (PID=121) to work on /opt/airflow/dags/main_dag.py
[2024-06-14T16:06:43.613+0000] {processor.py:830} INFO - Processing file /opt/airflow/dags/main_dag.py for tasks to queue
[2024-06-14T16:06:43.614+0000] {logging_mixin.py:188} INFO - [2024-06-14T16:06:43.614+0000] {dagbag.py:540} INFO - Filling up the DagBag from /opt/airflow/dags/main_dag.py
[2024-06-14T16:06:43.636+0000] {logging_mixin.py:188} INFO - [2024-06-14T16:06:43.631+0000] {dagbag.py:350} ERROR - Failed to import: /opt/airflow/dags/main_dag.py
Traceback (most recent call last):
  File "/home/airflow/.local/lib/python3.12/site-packages/airflow/models/dagbag.py", line 346, in parse
    loader.exec_module(new_module)
  File "<frozen importlib._bootstrap_external>", line 995, in exec_module
  File "<frozen importlib._bootstrap>", line 488, in _call_with_frames_removed
  File "/opt/airflow/dags/main_dag.py", line 7, in <module>
    import lib.data_fetcher.fetch_ANI_anime_data
ModuleNotFoundError: No module named 'lib'
[2024-06-14T16:06:43.638+0000] {processor.py:842} WARNING - No viable dags retrieved from /opt/airflow/dags/main_dag.py
[2024-06-14T16:06:43.671+0000] {processor.py:183} INFO - Processing /opt/airflow/dags/main_dag.py took 0.063 seconds
[2024-06-14T16:07:13.777+0000] {processor.py:161} INFO - Started process (PID=122) to work on /opt/airflow/dags/main_dag.py
[2024-06-14T16:07:13.778+0000] {processor.py:830} INFO - Processing file /opt/airflow/dags/main_dag.py for tasks to queue
[2024-06-14T16:07:13.779+0000] {logging_mixin.py:188} INFO - [2024-06-14T16:07:13.779+0000] {dagbag.py:540} INFO - Filling up the DagBag from /opt/airflow/dags/main_dag.py
[2024-06-14T16:07:13.801+0000] {logging_mixin.py:188} INFO - [2024-06-14T16:07:13.796+0000] {dagbag.py:350} ERROR - Failed to import: /opt/airflow/dags/main_dag.py
Traceback (most recent call last):
  File "/home/airflow/.local/lib/python3.12/site-packages/airflow/models/dagbag.py", line 346, in parse
    loader.exec_module(new_module)
  File "<frozen importlib._bootstrap_external>", line 995, in exec_module
  File "<frozen importlib._bootstrap>", line 488, in _call_with_frames_removed
  File "/opt/airflow/dags/main_dag.py", line 7, in <module>
    import lib.data_fetcher.fetch_ANI_anime_data
ModuleNotFoundError: No module named 'lib'
[2024-06-14T16:07:13.802+0000] {processor.py:842} WARNING - No viable dags retrieved from /opt/airflow/dags/main_dag.py
[2024-06-14T16:07:13.831+0000] {processor.py:183} INFO - Processing /opt/airflow/dags/main_dag.py took 0.057 seconds
[2024-06-14T16:07:44.178+0000] {processor.py:161} INFO - Started process (PID=123) to work on /opt/airflow/dags/main_dag.py
[2024-06-14T16:07:44.179+0000] {processor.py:830} INFO - Processing file /opt/airflow/dags/main_dag.py for tasks to queue
[2024-06-14T16:07:44.180+0000] {logging_mixin.py:188} INFO - [2024-06-14T16:07:44.179+0000] {dagbag.py:540} INFO - Filling up the DagBag from /opt/airflow/dags/main_dag.py
[2024-06-14T16:07:44.200+0000] {logging_mixin.py:188} INFO - [2024-06-14T16:07:44.196+0000] {dagbag.py:350} ERROR - Failed to import: /opt/airflow/dags/main_dag.py
Traceback (most recent call last):
  File "/home/airflow/.local/lib/python3.12/site-packages/airflow/models/dagbag.py", line 346, in parse
    loader.exec_module(new_module)
  File "<frozen importlib._bootstrap_external>", line 995, in exec_module
  File "<frozen importlib._bootstrap>", line 488, in _call_with_frames_removed
  File "/opt/airflow/dags/main_dag.py", line 7, in <module>
    import lib.data_fetcher.fetch_ANI_anime_data
ModuleNotFoundError: No module named 'lib'
[2024-06-14T16:07:44.202+0000] {processor.py:842} WARNING - No viable dags retrieved from /opt/airflow/dags/main_dag.py
[2024-06-14T16:07:44.229+0000] {processor.py:183} INFO - Processing /opt/airflow/dags/main_dag.py took 0.055 seconds
[2024-06-14T16:08:14.772+0000] {processor.py:161} INFO - Started process (PID=124) to work on /opt/airflow/dags/main_dag.py
[2024-06-14T16:08:14.773+0000] {processor.py:830} INFO - Processing file /opt/airflow/dags/main_dag.py for tasks to queue
[2024-06-14T16:08:14.773+0000] {logging_mixin.py:188} INFO - [2024-06-14T16:08:14.773+0000] {dagbag.py:540} INFO - Filling up the DagBag from /opt/airflow/dags/main_dag.py
[2024-06-14T16:08:14.794+0000] {logging_mixin.py:188} INFO - [2024-06-14T16:08:14.790+0000] {dagbag.py:350} ERROR - Failed to import: /opt/airflow/dags/main_dag.py
Traceback (most recent call last):
  File "/home/airflow/.local/lib/python3.12/site-packages/airflow/models/dagbag.py", line 346, in parse
    loader.exec_module(new_module)
  File "<frozen importlib._bootstrap_external>", line 995, in exec_module
  File "<frozen importlib._bootstrap>", line 488, in _call_with_frames_removed
  File "/opt/airflow/dags/main_dag.py", line 7, in <module>
    import lib.data_fetcher.fetch_ANI_anime_data
ModuleNotFoundError: No module named 'lib'
[2024-06-14T16:08:14.796+0000] {processor.py:842} WARNING - No viable dags retrieved from /opt/airflow/dags/main_dag.py
[2024-06-14T16:08:14.823+0000] {processor.py:183} INFO - Processing /opt/airflow/dags/main_dag.py took 0.055 seconds
[2024-06-14T16:08:45.396+0000] {processor.py:161} INFO - Started process (PID=125) to work on /opt/airflow/dags/main_dag.py
[2024-06-14T16:08:45.397+0000] {processor.py:830} INFO - Processing file /opt/airflow/dags/main_dag.py for tasks to queue
[2024-06-14T16:08:45.398+0000] {logging_mixin.py:188} INFO - [2024-06-14T16:08:45.398+0000] {dagbag.py:540} INFO - Filling up the DagBag from /opt/airflow/dags/main_dag.py
[2024-06-14T16:08:45.421+0000] {logging_mixin.py:188} INFO - [2024-06-14T16:08:45.416+0000] {dagbag.py:350} ERROR - Failed to import: /opt/airflow/dags/main_dag.py
Traceback (most recent call last):
  File "/home/airflow/.local/lib/python3.12/site-packages/airflow/models/dagbag.py", line 346, in parse
    loader.exec_module(new_module)
  File "<frozen importlib._bootstrap_external>", line 995, in exec_module
  File "<frozen importlib._bootstrap>", line 488, in _call_with_frames_removed
  File "/opt/airflow/dags/main_dag.py", line 7, in <module>
    import lib.data_fetcher.fetch_ANI_anime_data
ModuleNotFoundError: No module named 'lib'
[2024-06-14T16:08:45.423+0000] {processor.py:842} WARNING - No viable dags retrieved from /opt/airflow/dags/main_dag.py
[2024-06-14T16:08:45.460+0000] {processor.py:183} INFO - Processing /opt/airflow/dags/main_dag.py took 0.068 seconds
[2024-06-14T16:09:15.977+0000] {processor.py:161} INFO - Started process (PID=126) to work on /opt/airflow/dags/main_dag.py
[2024-06-14T16:09:15.978+0000] {processor.py:830} INFO - Processing file /opt/airflow/dags/main_dag.py for tasks to queue
[2024-06-14T16:09:15.979+0000] {logging_mixin.py:188} INFO - [2024-06-14T16:09:15.978+0000] {dagbag.py:540} INFO - Filling up the DagBag from /opt/airflow/dags/main_dag.py
[2024-06-14T16:09:15.999+0000] {logging_mixin.py:188} INFO - [2024-06-14T16:09:15.994+0000] {dagbag.py:350} ERROR - Failed to import: /opt/airflow/dags/main_dag.py
Traceback (most recent call last):
  File "/home/airflow/.local/lib/python3.12/site-packages/airflow/models/dagbag.py", line 346, in parse
    loader.exec_module(new_module)
  File "<frozen importlib._bootstrap_external>", line 995, in exec_module
  File "<frozen importlib._bootstrap>", line 488, in _call_with_frames_removed
  File "/opt/airflow/dags/main_dag.py", line 7, in <module>
    import lib.data_fetcher.fetch_ANI_anime_data
ModuleNotFoundError: No module named 'lib'
[2024-06-14T16:09:16.000+0000] {processor.py:842} WARNING - No viable dags retrieved from /opt/airflow/dags/main_dag.py
[2024-06-14T16:09:16.029+0000] {processor.py:183} INFO - Processing /opt/airflow/dags/main_dag.py took 0.056 seconds
[2024-06-14T16:09:46.594+0000] {processor.py:161} INFO - Started process (PID=127) to work on /opt/airflow/dags/main_dag.py
[2024-06-14T16:09:46.595+0000] {processor.py:830} INFO - Processing file /opt/airflow/dags/main_dag.py for tasks to queue
[2024-06-14T16:09:46.596+0000] {logging_mixin.py:188} INFO - [2024-06-14T16:09:46.596+0000] {dagbag.py:540} INFO - Filling up the DagBag from /opt/airflow/dags/main_dag.py
[2024-06-14T16:09:46.617+0000] {logging_mixin.py:188} INFO - [2024-06-14T16:09:46.613+0000] {dagbag.py:350} ERROR - Failed to import: /opt/airflow/dags/main_dag.py
Traceback (most recent call last):
  File "/home/airflow/.local/lib/python3.12/site-packages/airflow/models/dagbag.py", line 346, in parse
    loader.exec_module(new_module)
  File "<frozen importlib._bootstrap_external>", line 995, in exec_module
  File "<frozen importlib._bootstrap>", line 488, in _call_with_frames_removed
  File "/opt/airflow/dags/main_dag.py", line 7, in <module>
    import lib.data_fetcher.fetch_ANI_anime_data
ModuleNotFoundError: No module named 'lib'
[2024-06-14T16:09:46.618+0000] {processor.py:842} WARNING - No viable dags retrieved from /opt/airflow/dags/main_dag.py
[2024-06-14T16:09:46.646+0000] {processor.py:183} INFO - Processing /opt/airflow/dags/main_dag.py took 0.056 seconds
[2024-06-14T16:10:17.284+0000] {processor.py:161} INFO - Started process (PID=128) to work on /opt/airflow/dags/main_dag.py
[2024-06-14T16:10:17.285+0000] {processor.py:830} INFO - Processing file /opt/airflow/dags/main_dag.py for tasks to queue
[2024-06-14T16:10:17.287+0000] {logging_mixin.py:188} INFO - [2024-06-14T16:10:17.286+0000] {dagbag.py:540} INFO - Filling up the DagBag from /opt/airflow/dags/main_dag.py
[2024-06-14T16:10:17.313+0000] {logging_mixin.py:188} INFO - [2024-06-14T16:10:17.308+0000] {dagbag.py:350} ERROR - Failed to import: /opt/airflow/dags/main_dag.py
Traceback (most recent call last):
  File "/home/airflow/.local/lib/python3.12/site-packages/airflow/models/dagbag.py", line 346, in parse
    loader.exec_module(new_module)
  File "<frozen importlib._bootstrap_external>", line 995, in exec_module
  File "<frozen importlib._bootstrap>", line 488, in _call_with_frames_removed
  File "/opt/airflow/dags/main_dag.py", line 7, in <module>
    import lib.data_fetcher.fetch_ANI_anime_data
ModuleNotFoundError: No module named 'lib'
[2024-06-14T16:10:17.315+0000] {processor.py:842} WARNING - No viable dags retrieved from /opt/airflow/dags/main_dag.py
[2024-06-14T16:10:17.354+0000] {processor.py:183} INFO - Processing /opt/airflow/dags/main_dag.py took 0.078 seconds
[2024-06-14T16:10:47.973+0000] {processor.py:161} INFO - Started process (PID=129) to work on /opt/airflow/dags/main_dag.py
[2024-06-14T16:10:47.974+0000] {processor.py:830} INFO - Processing file /opt/airflow/dags/main_dag.py for tasks to queue
[2024-06-14T16:10:47.975+0000] {logging_mixin.py:188} INFO - [2024-06-14T16:10:47.974+0000] {dagbag.py:540} INFO - Filling up the DagBag from /opt/airflow/dags/main_dag.py
[2024-06-14T16:10:47.995+0000] {logging_mixin.py:188} INFO - [2024-06-14T16:10:47.990+0000] {dagbag.py:350} ERROR - Failed to import: /opt/airflow/dags/main_dag.py
Traceback (most recent call last):
  File "/home/airflow/.local/lib/python3.12/site-packages/airflow/models/dagbag.py", line 346, in parse
    loader.exec_module(new_module)
  File "<frozen importlib._bootstrap_external>", line 995, in exec_module
  File "<frozen importlib._bootstrap>", line 488, in _call_with_frames_removed
  File "/opt/airflow/dags/main_dag.py", line 7, in <module>
    import lib.data_fetcher.fetch_ANI_anime_data
ModuleNotFoundError: No module named 'lib'
[2024-06-14T16:10:47.996+0000] {processor.py:842} WARNING - No viable dags retrieved from /opt/airflow/dags/main_dag.py
[2024-06-14T16:10:48.026+0000] {processor.py:183} INFO - Processing /opt/airflow/dags/main_dag.py took 0.058 seconds
[2024-06-14T16:11:18.589+0000] {processor.py:161} INFO - Started process (PID=130) to work on /opt/airflow/dags/main_dag.py
[2024-06-14T16:11:18.590+0000] {processor.py:830} INFO - Processing file /opt/airflow/dags/main_dag.py for tasks to queue
[2024-06-14T16:11:18.591+0000] {logging_mixin.py:188} INFO - [2024-06-14T16:11:18.590+0000] {dagbag.py:540} INFO - Filling up the DagBag from /opt/airflow/dags/main_dag.py
[2024-06-14T16:11:18.613+0000] {logging_mixin.py:188} INFO - [2024-06-14T16:11:18.608+0000] {dagbag.py:350} ERROR - Failed to import: /opt/airflow/dags/main_dag.py
Traceback (most recent call last):
  File "/home/airflow/.local/lib/python3.12/site-packages/airflow/models/dagbag.py", line 346, in parse
    loader.exec_module(new_module)
  File "<frozen importlib._bootstrap_external>", line 995, in exec_module
  File "<frozen importlib._bootstrap>", line 488, in _call_with_frames_removed
  File "/opt/airflow/dags/main_dag.py", line 7, in <module>
    import lib.data_fetcher.fetch_ANI_anime_data
ModuleNotFoundError: No module named 'lib'
[2024-06-14T16:11:18.615+0000] {processor.py:842} WARNING - No viable dags retrieved from /opt/airflow/dags/main_dag.py
[2024-06-14T16:11:18.646+0000] {processor.py:183} INFO - Processing /opt/airflow/dags/main_dag.py took 0.061 seconds
[2024-06-14T16:11:49.263+0000] {processor.py:161} INFO - Started process (PID=131) to work on /opt/airflow/dags/main_dag.py
[2024-06-14T16:11:49.264+0000] {processor.py:830} INFO - Processing file /opt/airflow/dags/main_dag.py for tasks to queue
[2024-06-14T16:11:49.265+0000] {logging_mixin.py:188} INFO - [2024-06-14T16:11:49.264+0000] {dagbag.py:540} INFO - Filling up the DagBag from /opt/airflow/dags/main_dag.py
[2024-06-14T16:11:49.285+0000] {logging_mixin.py:188} INFO - [2024-06-14T16:11:49.281+0000] {dagbag.py:350} ERROR - Failed to import: /opt/airflow/dags/main_dag.py
Traceback (most recent call last):
  File "/home/airflow/.local/lib/python3.12/site-packages/airflow/models/dagbag.py", line 346, in parse
    loader.exec_module(new_module)
  File "<frozen importlib._bootstrap_external>", line 995, in exec_module
  File "<frozen importlib._bootstrap>", line 488, in _call_with_frames_removed
  File "/opt/airflow/dags/main_dag.py", line 7, in <module>
    import lib.data_fetcher.fetch_ANI_anime_data
ModuleNotFoundError: No module named 'lib'
[2024-06-14T16:11:49.287+0000] {processor.py:842} WARNING - No viable dags retrieved from /opt/airflow/dags/main_dag.py
[2024-06-14T16:11:49.314+0000] {processor.py:183} INFO - Processing /opt/airflow/dags/main_dag.py took 0.055 seconds
[2024-06-14T16:12:19.909+0000] {processor.py:161} INFO - Started process (PID=132) to work on /opt/airflow/dags/main_dag.py
[2024-06-14T16:12:19.910+0000] {processor.py:830} INFO - Processing file /opt/airflow/dags/main_dag.py for tasks to queue
[2024-06-14T16:12:19.911+0000] {logging_mixin.py:188} INFO - [2024-06-14T16:12:19.911+0000] {dagbag.py:540} INFO - Filling up the DagBag from /opt/airflow/dags/main_dag.py
[2024-06-14T16:12:19.931+0000] {logging_mixin.py:188} INFO - [2024-06-14T16:12:19.927+0000] {dagbag.py:350} ERROR - Failed to import: /opt/airflow/dags/main_dag.py
Traceback (most recent call last):
  File "/home/airflow/.local/lib/python3.12/site-packages/airflow/models/dagbag.py", line 346, in parse
    loader.exec_module(new_module)
  File "<frozen importlib._bootstrap_external>", line 995, in exec_module
  File "<frozen importlib._bootstrap>", line 488, in _call_with_frames_removed
  File "/opt/airflow/dags/main_dag.py", line 7, in <module>
    import lib.data_fetcher.fetch_ANI_anime_data
ModuleNotFoundError: No module named 'lib'
[2024-06-14T16:12:19.933+0000] {processor.py:842} WARNING - No viable dags retrieved from /opt/airflow/dags/main_dag.py
[2024-06-14T16:12:19.960+0000] {processor.py:183} INFO - Processing /opt/airflow/dags/main_dag.py took 0.055 seconds
[2024-06-14T16:12:50.494+0000] {processor.py:161} INFO - Started process (PID=133) to work on /opt/airflow/dags/main_dag.py
[2024-06-14T16:12:50.495+0000] {processor.py:830} INFO - Processing file /opt/airflow/dags/main_dag.py for tasks to queue
[2024-06-14T16:12:50.495+0000] {logging_mixin.py:188} INFO - [2024-06-14T16:12:50.495+0000] {dagbag.py:540} INFO - Filling up the DagBag from /opt/airflow/dags/main_dag.py
[2024-06-14T16:12:50.516+0000] {logging_mixin.py:188} INFO - [2024-06-14T16:12:50.512+0000] {dagbag.py:350} ERROR - Failed to import: /opt/airflow/dags/main_dag.py
Traceback (most recent call last):
  File "/home/airflow/.local/lib/python3.12/site-packages/airflow/models/dagbag.py", line 346, in parse
    loader.exec_module(new_module)
  File "<frozen importlib._bootstrap_external>", line 995, in exec_module
  File "<frozen importlib._bootstrap>", line 488, in _call_with_frames_removed
  File "/opt/airflow/dags/main_dag.py", line 7, in <module>
    import lib.data_fetcher.fetch_ANI_anime_data
ModuleNotFoundError: No module named 'lib'
[2024-06-14T16:12:50.518+0000] {processor.py:842} WARNING - No viable dags retrieved from /opt/airflow/dags/main_dag.py
[2024-06-14T16:12:50.547+0000] {processor.py:183} INFO - Processing /opt/airflow/dags/main_dag.py took 0.057 seconds
[2024-06-14T16:13:21.699+0000] {processor.py:161} INFO - Started process (PID=134) to work on /opt/airflow/dags/main_dag.py
[2024-06-14T16:13:21.700+0000] {processor.py:830} INFO - Processing file /opt/airflow/dags/main_dag.py for tasks to queue
[2024-06-14T16:13:21.701+0000] {logging_mixin.py:188} INFO - [2024-06-14T16:13:21.700+0000] {dagbag.py:540} INFO - Filling up the DagBag from /opt/airflow/dags/main_dag.py
[2024-06-14T16:13:21.722+0000] {logging_mixin.py:188} INFO - [2024-06-14T16:13:21.718+0000] {dagbag.py:350} ERROR - Failed to import: /opt/airflow/dags/main_dag.py
Traceback (most recent call last):
  File "/home/airflow/.local/lib/python3.12/site-packages/airflow/models/dagbag.py", line 346, in parse
    loader.exec_module(new_module)
  File "<frozen importlib._bootstrap_external>", line 995, in exec_module
  File "<frozen importlib._bootstrap>", line 488, in _call_with_frames_removed
  File "/opt/airflow/dags/main_dag.py", line 7, in <module>
    import lib.data_fetcher.fetch_ANI_anime_data
ModuleNotFoundError: No module named 'lib'
[2024-06-14T16:13:21.724+0000] {processor.py:842} WARNING - No viable dags retrieved from /opt/airflow/dags/main_dag.py
[2024-06-14T16:13:21.750+0000] {processor.py:183} INFO - Processing /opt/airflow/dags/main_dag.py took 0.056 seconds
[2024-06-14T16:13:52.528+0000] {processor.py:161} INFO - Started process (PID=135) to work on /opt/airflow/dags/main_dag.py
[2024-06-14T16:13:52.529+0000] {processor.py:830} INFO - Processing file /opt/airflow/dags/main_dag.py for tasks to queue
[2024-06-14T16:13:52.529+0000] {logging_mixin.py:188} INFO - [2024-06-14T16:13:52.529+0000] {dagbag.py:540} INFO - Filling up the DagBag from /opt/airflow/dags/main_dag.py
[2024-06-14T16:13:52.551+0000] {logging_mixin.py:188} INFO - [2024-06-14T16:13:52.547+0000] {dagbag.py:350} ERROR - Failed to import: /opt/airflow/dags/main_dag.py
Traceback (most recent call last):
  File "/home/airflow/.local/lib/python3.12/site-packages/airflow/models/dagbag.py", line 346, in parse
    loader.exec_module(new_module)
  File "<frozen importlib._bootstrap_external>", line 995, in exec_module
  File "<frozen importlib._bootstrap>", line 488, in _call_with_frames_removed
  File "/opt/airflow/dags/main_dag.py", line 7, in <module>
    import lib.data_fetcher.fetch_ANI_anime_data
ModuleNotFoundError: No module named 'lib'
[2024-06-14T16:13:52.553+0000] {processor.py:842} WARNING - No viable dags retrieved from /opt/airflow/dags/main_dag.py
[2024-06-14T16:13:52.583+0000] {processor.py:183} INFO - Processing /opt/airflow/dags/main_dag.py took 0.058 seconds
[2024-06-14T16:14:22.877+0000] {processor.py:161} INFO - Started process (PID=136) to work on /opt/airflow/dags/main_dag.py
[2024-06-14T16:14:22.878+0000] {processor.py:830} INFO - Processing file /opt/airflow/dags/main_dag.py for tasks to queue
[2024-06-14T16:14:22.879+0000] {logging_mixin.py:188} INFO - [2024-06-14T16:14:22.878+0000] {dagbag.py:540} INFO - Filling up the DagBag from /opt/airflow/dags/main_dag.py
[2024-06-14T16:14:22.902+0000] {logging_mixin.py:188} INFO - [2024-06-14T16:14:22.898+0000] {dagbag.py:350} ERROR - Failed to import: /opt/airflow/dags/main_dag.py
Traceback (most recent call last):
  File "/home/airflow/.local/lib/python3.12/site-packages/airflow/models/dagbag.py", line 346, in parse
    loader.exec_module(new_module)
  File "<frozen importlib._bootstrap_external>", line 995, in exec_module
  File "<frozen importlib._bootstrap>", line 488, in _call_with_frames_removed
  File "/opt/airflow/dags/main_dag.py", line 7, in <module>
    import lib.data_fetcher.fetch_ANI_anime_data
ModuleNotFoundError: No module named 'lib'
[2024-06-14T16:14:22.904+0000] {processor.py:842} WARNING - No viable dags retrieved from /opt/airflow/dags/main_dag.py
[2024-06-14T16:14:22.936+0000] {processor.py:183} INFO - Processing /opt/airflow/dags/main_dag.py took 0.064 seconds
[2024-06-14T16:14:53.237+0000] {processor.py:161} INFO - Started process (PID=137) to work on /opt/airflow/dags/main_dag.py
[2024-06-14T16:14:53.238+0000] {processor.py:830} INFO - Processing file /opt/airflow/dags/main_dag.py for tasks to queue
[2024-06-14T16:14:53.238+0000] {logging_mixin.py:188} INFO - [2024-06-14T16:14:53.238+0000] {dagbag.py:540} INFO - Filling up the DagBag from /opt/airflow/dags/main_dag.py
[2024-06-14T16:14:53.258+0000] {logging_mixin.py:188} INFO - [2024-06-14T16:14:53.254+0000] {dagbag.py:350} ERROR - Failed to import: /opt/airflow/dags/main_dag.py
Traceback (most recent call last):
  File "/home/airflow/.local/lib/python3.12/site-packages/airflow/models/dagbag.py", line 346, in parse
    loader.exec_module(new_module)
  File "<frozen importlib._bootstrap_external>", line 995, in exec_module
  File "<frozen importlib._bootstrap>", line 488, in _call_with_frames_removed
  File "/opt/airflow/dags/main_dag.py", line 7, in <module>
    import lib.data_fetcher.fetch_ANI_anime_data
ModuleNotFoundError: No module named 'lib'
[2024-06-14T16:14:53.260+0000] {processor.py:842} WARNING - No viable dags retrieved from /opt/airflow/dags/main_dag.py
[2024-06-14T16:14:53.287+0000] {processor.py:183} INFO - Processing /opt/airflow/dags/main_dag.py took 0.054 seconds
