[2024-06-15T15:10:30.867+0000] {taskinstance.py:1157} INFO - Dependencies all met for dep_context=non-requeueable deps ti=<TaskInstance: main_dag.index_to_elastic manual__2024-06-15T15:08:45.964803+00:00 [queued]>
[2024-06-15T15:10:30.877+0000] {taskinstance.py:1157} INFO - Dependencies all met for dep_context=requeueable deps ti=<TaskInstance: main_dag.index_to_elastic manual__2024-06-15T15:08:45.964803+00:00 [queued]>
[2024-06-15T15:10:30.878+0000] {taskinstance.py:1359} INFO - Starting attempt 1 of 2
[2024-06-15T15:10:30.892+0000] {taskinstance.py:1380} INFO - Executing <Task(PythonOperator): index_to_elastic> on 2024-06-15 15:08:45.964803+00:00
[2024-06-15T15:10:30.900+0000] {standard_task_runner.py:57} INFO - Started process 16784 to run task
[2024-06-15T15:10:30.900+0000] {clientserver.py:543} INFO - Closing down clientserver connection
[2024-06-15T15:10:30.904+0000] {standard_task_runner.py:84} INFO - Running: ['***', 'tasks', 'run', 'main_dag', 'index_to_elastic', 'manual__2024-06-15T15:08:45.964803+00:00', '--job-id', '65', '--raw', '--subdir', 'DAGS_FOLDER/main_dag.py', '--cfg-path', '/tmp/tmp985vae4k']
[2024-06-15T15:10:30.906+0000] {standard_task_runner.py:85} INFO - Job 65: Subtask index_to_elastic
[2024-06-15T15:10:30.952+0000] {task_command.py:415} INFO - Running <TaskInstance: main_dag.index_to_elastic manual__2024-06-15T15:08:45.964803+00:00 [running]> on host 671934266c7c
[2024-06-15T15:10:31.029+0000] {taskinstance.py:1660} INFO - Exporting env vars: AIRFLOW_CTX_DAG_EMAIL='ivanmilos24@gmail.com' AIRFLOW_CTX_DAG_OWNER='***' AIRFLOW_CTX_DAG_ID='main_dag' AIRFLOW_CTX_TASK_ID='index_to_elastic' AIRFLOW_CTX_EXECUTION_DATE='2024-06-15T15:08:45.964803+00:00' AIRFLOW_CTX_TRY_NUMBER='1' AIRFLOW_CTX_DAG_RUN_ID='manual__2024-06-15T15:08:45.964803+00:00'
[2024-06-15T15:10:31.031+0000] {logging_mixin.py:151} INFO - Checking file: datalake/usage/animeAnalysis/AnimeTop300/20240615/combined_ratings.snappy.parquet
[2024-06-15T15:10:31.035+0000] {logging_mixin.py:151} INFO - File exists: True
[2024-06-15T15:10:31.039+0000] {logging_mixin.py:151} INFO - File readable: True
[2024-06-15T15:10:32.044+0000] {_transport.py:336} INFO - PUT https://my-first-deployment-3ab24b.es.us-central1.gcp.cloud.es.io:443/_bulk [status:200 duration:0.920s]
[2024-06-15T15:10:32.159+0000] {_transport.py:336} INFO - PUT https://my-first-deployment-3ab24b.es.us-central1.gcp.cloud.es.io:443/_bulk [status:200 duration:0.112s]
[2024-06-15T15:10:32.161+0000] {logging_mixin.py:151} INFO - Documents successfully indexed: 520
[2024-06-15T15:10:32.161+0000] {logging_mixin.py:151} INFO - Documents failed to index: 0
[2024-06-15T15:10:32.162+0000] {python.py:194} INFO - Done. Returned value was: None
[2024-06-15T15:10:32.172+0000] {taskinstance.py:1398} INFO - Marking task as SUCCESS. dag_id=main_dag, task_id=index_to_elastic, execution_date=20240615T150845, start_date=20240615T151030, end_date=20240615T151032
[2024-06-15T15:10:32.199+0000] {local_task_job_runner.py:228} INFO - Task exited with return code 0
[2024-06-15T15:10:32.216+0000] {taskinstance.py:2776} INFO - 0 downstream tasks scheduled from follow-on schedule check
