[2024-06-15T10:02:06.515+0000] {local_task_job_runner.py:120} INFO - ::group::Pre task execution logs
[2024-06-15T10:02:06.540+0000] {taskinstance.py:2076} INFO - Dependencies all met for dep_context=non-requeueable deps ti=<TaskInstance: main_dag.call_elastic_insert manual__2024-06-15T10:01:05.646461+00:00 [queued]>
[2024-06-15T10:02:06.552+0000] {taskinstance.py:2076} INFO - Dependencies all met for dep_context=requeueable deps ti=<TaskInstance: main_dag.call_elastic_insert manual__2024-06-15T10:01:05.646461+00:00 [queued]>
[2024-06-15T10:02:06.553+0000] {taskinstance.py:2306} INFO - Starting attempt 1 of 2
[2024-06-15T10:02:06.686+0000] {taskinstance.py:2330} INFO - Executing <Task(PythonOperator): call_elastic_insert> on 2024-06-15 10:01:05.646461+00:00
[2024-06-15T10:02:06.693+0000] {standard_task_runner.py:90} INFO - Running: ['airflow', 'tasks', 'run', 'main_dag', 'call_elastic_insert', 'manual__2024-06-15T10:01:05.646461+00:00', '--job-id', '33', '--raw', '--subdir', 'DAGS_FOLDER/main_dag.py', '--cfg-path', '/tmp/tmpz0dwqftz']
[2024-06-15T10:02:06.699+0000] {standard_task_runner.py:91} INFO - Job 33: Subtask call_elastic_insert
[2024-06-15T10:02:06.703+0000] {logging_mixin.py:188} WARNING - /home/airflow/.local/lib/python3.12/site-packages/airflow/task/task_runner/standard_task_runner.py:61 DeprecationWarning: This process (pid=942) is multi-threaded, use of fork() may lead to deadlocks in the child.
[2024-06-15T10:02:06.703+0000] {standard_task_runner.py:63} INFO - Started process 959 to run task
[2024-06-15T10:02:06.759+0000] {task_command.py:426} INFO - Running <TaskInstance: main_dag.call_elastic_insert manual__2024-06-15T10:01:05.646461+00:00 [running]> on host 64de298a3d77
[2024-06-15T10:02:06.862+0000] {taskinstance.py:2648} INFO - Exporting env vars: AIRFLOW_CTX_DAG_EMAIL='airflow@example.com' AIRFLOW_CTX_DAG_OWNER='airflow' AIRFLOW_CTX_DAG_ID='main_dag' AIRFLOW_CTX_TASK_ID='call_elastic_insert' AIRFLOW_CTX_EXECUTION_DATE='2024-06-15T10:01:05.646461+00:00' AIRFLOW_CTX_TRY_NUMBER='1' AIRFLOW_CTX_DAG_RUN_ID='manual__2024-06-15T10:01:05.646461+00:00'
[2024-06-15T10:02:06.863+0000] {taskinstance.py:430} INFO - ::endgroup::
[2024-06-15T10:02:06.880+0000] {logging_mixin.py:188} INFO - Checking file: C:/BigData_project/airflow/datalake/usage/animeAnalysis/AnimeTop300/20240615/combined_ratings.snappy.parquet
[2024-06-15T10:02:06.881+0000] {logging_mixin.py:188} INFO - File exists: False
[2024-06-15T10:02:06.881+0000] {logging_mixin.py:188} INFO - File readable: False
[2024-06-15T10:02:06.897+0000] {logging_mixin.py:188} INFO - File not found: C:/BigData_project/airflow/datalake/usage/animeAnalysis/AnimeTop300/20240615/combined_ratings.snappy.parquet
[2024-06-15T10:02:06.897+0000] {python.py:237} INFO - Done. Returned value was: None
[2024-06-15T10:02:06.898+0000] {taskinstance.py:441} INFO - ::group::Post task execution logs
[2024-06-15T10:02:06.909+0000] {taskinstance.py:1206} INFO - Marking task as SUCCESS. dag_id=main_dag, task_id=call_elastic_insert, run_id=manual__2024-06-15T10:01:05.646461+00:00, execution_date=20240615T100105, start_date=20240615T100206, end_date=20240615T100206
[2024-06-15T10:02:06.957+0000] {local_task_job_runner.py:240} INFO - Task exited with return code 0
[2024-06-15T10:02:06.972+0000] {taskinstance.py:3503} INFO - 0 downstream tasks scheduled from follow-on schedule check
[2024-06-15T10:02:06.974+0000] {local_task_job_runner.py:222} INFO - ::endgroup::
