[2024-06-15T10:11:40.456+0000] {local_task_job_runner.py:120} INFO - ::group::Pre task execution logs
[2024-06-15T10:11:40.481+0000] {taskinstance.py:2076} INFO - Dependencies all met for dep_context=non-requeueable deps ti=<TaskInstance: main_dag.produce_usage manual__2024-06-15T10:10:55.734830+00:00 [queued]>
[2024-06-15T10:11:40.493+0000] {taskinstance.py:2076} INFO - Dependencies all met for dep_context=requeueable deps ti=<TaskInstance: main_dag.produce_usage manual__2024-06-15T10:10:55.734830+00:00 [queued]>
[2024-06-15T10:11:40.493+0000] {taskinstance.py:2306} INFO - Starting attempt 1 of 2
[2024-06-15T10:11:40.621+0000] {taskinstance.py:2330} INFO - Executing <Task(PythonOperator): produce_usage> on 2024-06-15 10:10:55.734830+00:00
[2024-06-15T10:11:40.627+0000] {standard_task_runner.py:90} INFO - Running: ['airflow', 'tasks', 'run', 'main_dag', 'produce_usage', 'manual__2024-06-15T10:10:55.734830+00:00', '--job-id', '44', '--raw', '--subdir', 'DAGS_FOLDER/main_dag.py', '--cfg-path', '/tmp/tmp0pyhj_5a']
[2024-06-15T10:11:40.629+0000] {standard_task_runner.py:91} INFO - Job 44: Subtask produce_usage
[2024-06-15T10:11:40.631+0000] {logging_mixin.py:188} WARNING - /home/airflow/.local/lib/python3.12/site-packages/airflow/task/task_runner/standard_task_runner.py:61 DeprecationWarning: This process (pid=1481) is multi-threaded, use of fork() may lead to deadlocks in the child.
[2024-06-15T10:11:40.632+0000] {standard_task_runner.py:63} INFO - Started process 1498 to run task
[2024-06-15T10:11:40.683+0000] {task_command.py:426} INFO - Running <TaskInstance: main_dag.produce_usage manual__2024-06-15T10:10:55.734830+00:00 [running]> on host 64de298a3d77
[2024-06-15T10:11:40.775+0000] {taskinstance.py:2648} INFO - Exporting env vars: AIRFLOW_CTX_DAG_EMAIL='airflow@example.com' AIRFLOW_CTX_DAG_OWNER='airflow' AIRFLOW_CTX_DAG_ID='main_dag' AIRFLOW_CTX_TASK_ID='produce_usage' AIRFLOW_CTX_EXECUTION_DATE='2024-06-15T10:10:55.734830+00:00' AIRFLOW_CTX_TRY_NUMBER='1' AIRFLOW_CTX_DAG_RUN_ID='manual__2024-06-15T10:10:55.734830+00:00'
[2024-06-15T10:11:40.776+0000] {taskinstance.py:430} INFO - ::endgroup::
[2024-06-15T10:11:48.904+0000] {logging_mixin.py:188} INFO - +---+----------------------------------------------+----------------+-----------+-------------------------------------------------------------+---------------------------------------------------+----------------+-----------+---------------------------------------------------------+--------------------------+
|id |english_title_MAL                             |averageScore_MAL|ranking_MAL|genres_MAL                                                   |english_title_ANI                                  |averageScore_ANI|ranking_ANI|genres_ANI                                               |timestamp                 |
+---+----------------------------------------------+----------------+-----------+-------------------------------------------------------------+---------------------------------------------------+----------------+-----------+---------------------------------------------------------+--------------------------+
|1  |Cowboy Bebop                                  |8.75            |46         |[Action, Award Winning, Sci-Fi]                              |Cowboy Bebop                                       |86              |65         |[Action, Adventure, Drama, Sci-Fi]                       |2024-06-15 10:11:46.290748|
|5  |Cowboy Bebop: The Movie                       |8.38            |201        |[Action, Sci-Fi]                                             |Cowboy Bebop: The Movie - Knockin' on Heaven's Door|82              |230        |[Action, Drama, Mystery, Sci-Fi]                         |2024-06-15 10:11:46.290748|
|19 |Monster                                       |8.88            |24         |[Drama, Mystery, Suspense]                                   |Monster                                            |88              |21         |[Drama, Horror, Mystery, Psychological, Thriller]        |2024-06-15 10:11:46.290748|
|21 |One Piece                                     |8.72            |53         |[Action, Adventure, Fantasy]                                 |ONE PIECE                                          |88              |25         |[Action, Adventure, Comedy, Drama, Fantasy]              |2024-06-15 10:11:46.290748|
|30 |Neon Genesis Evangelion                       |8.35            |228        |[Action, Avant Garde, Award Winning, Drama, Sci-Fi, Suspense]|Neon Genesis Evangelion                            |83              |182        |[Action, Drama, Mecha, Mystery, Psychological, Sci-Fi]   |2024-06-15 10:11:46.290748|
|32 |Neon Genesis Evangelion: The End of Evangelion|8.55            |114        |[Action, Avant Garde, Drama, Sci-Fi, Suspense]               |Neon Genesis Evangelion: The End of Evangelion     |85              |83         |[Action, Drama, Mecha, Psychological, Sci-Fi]            |2024-06-15 10:11:46.290748|
|33 |Berserk                                       |8.59            |96         |[Action, Adventure, Drama, Fantasy, Horror]                  |Berserk                                            |83              |141        |[Action, Adventure, Drama, Fantasy, Horror, Supernatural]|2024-06-15 10:11:46.290748|
|44 |Samurai X: Trust and Betrayal                 |8.7             |58         |[Action, Drama, Romance]                                     |Samurai X: Trust and Betrayal                      |85              |93         |[Action, Drama, Romance]                                 |2024-06-15 10:11:46.290748|
|45 |Rurouni Kenshin                               |8.28            |294        |[Action, Comedy, Romance]                                    |                                                   |-1              |-1         |[]                                                       |2024-06-15 10:11:46.290748|
|57 |Beck: Mongolian Chop Squad                    |8.29            |284        |[Comedy, Drama]                                              |                                                   |-1              |-1         |[]                                                       |2024-06-15 10:11:46.290748|
|136|Hunter x Hunter                               |8.42            |178        |[Action, Adventure, Fantasy]                                 |Hunter x Hunter                                    |82              |211        |[Action, Adventure, Fantasy]                             |2024-06-15 10:11:46.290748|
|137|                                              |8.31            |263        |[Action, Adventure, Fantasy]                                 |Hunter x Hunter: Yorknew City                      |81              |291        |[Action, Adventure, Fantasy]                             |2024-06-15 10:11:46.290748|
|164|Princess Mononoke                             |8.66            |72         |[Action, Adventure, Award Winning, Fantasy]                  |Princess Mononoke                                  |84              |103        |[Action, Adventure, Drama, Fantasy]                      |2024-06-15 10:11:46.290748|
|170|Slam Dunk                                     |8.54            |118        |[Sports]                                                     |Slam Dunk                                          |83              |181        |[Comedy, Drama, Slice of Life, Sports]                   |2024-06-15 10:11:46.290748|
|185|Initial D First Stage                         |8.35            |226        |[Action, Drama]                                              |Initial D 1st Stage                                |82              |254        |[Action, Drama, Sports]                                  |2024-06-15 10:11:46.290748|
|199|Spirited Away                                 |8.77            |40         |[Adventure, Award Winning, Supernatural]                     |Spirited Away                                      |86              |64         |[Adventure, Drama, Fantasy, Supernatural]                |2024-06-15 10:11:46.290748|
|205|Samurai Champloo                              |8.51            |132        |[Action, Adventure, Comedy]                                  |Samurai Champloo                                   |84              |134        |[Action, Adventure, Comedy]                              |2024-06-15 10:11:46.290748|
|235|                                              |-1.0            |-1         |[]                                                           |Case Closed                                        |81              |264        |[Adventure, Comedy, Mystery, Psychological]              |2024-06-15 10:11:46.290748|
|245|Great Teacher Onizuka                         |8.69            |62         |[Comedy]                                                     |GTO: Great Teacher Onizuka                         |84              |106        |[Comedy, Drama, Slice of Life]                           |2024-06-15 10:11:46.290748|
|263|Fighting Spirit                               |8.77            |39         |[Sports]                                                     |Hajime no Ippo: The Fighting!                      |86              |45         |[Comedy, Drama, Sports]                                  |2024-06-15 10:11:46.290748|
+---+----------------------------------------------+----------------+-----------+-------------------------------------------------------------+---------------------------------------------------+----------------+-----------+---------------------------------------------------------+--------------------------+
only showing top 20 rows
[2024-06-15T10:11:49.423+0000] {logging_mixin.py:188} INFO - Combined DataFrame has 520 rows
[2024-06-15T10:11:51.548+0000] {python.py:237} INFO - Done. Returned value was: None
[2024-06-15T10:11:51.550+0000] {taskinstance.py:441} INFO - ::group::Post task execution logs
[2024-06-15T10:11:51.565+0000] {taskinstance.py:1206} INFO - Marking task as SUCCESS. dag_id=main_dag, task_id=produce_usage, run_id=manual__2024-06-15T10:10:55.734830+00:00, execution_date=20240615T101055, start_date=20240615T101140, end_date=20240615T101151
[2024-06-15T10:11:51.625+0000] {local_task_job_runner.py:240} INFO - Task exited with return code 0
[2024-06-15T10:11:51.651+0000] {taskinstance.py:3503} INFO - 1 downstream tasks scheduled from follow-on schedule check
[2024-06-15T10:11:51.660+0000] {local_task_job_runner.py:222} INFO - ::endgroup::
